0 info it worked if it ends with ok
1 verbose cli [ 'node', '/usr/local/bin/npm', 'install', 'pars' ]
2 info using npm@1.4.28
3 info using node@v0.10.33
4 warn package.json tara_siegel_site@1.0.0 No repository field.
5 verbose readDependencies using package.json deps
6 verbose cache add [ 'pars', null ]
7 verbose cache add name=undefined spec="pars" args=["pars",null]
8 verbose parsed url { protocol: null,
8 verbose parsed url   slashes: null,
8 verbose parsed url   auth: null,
8 verbose parsed url   host: null,
8 verbose parsed url   port: null,
8 verbose parsed url   hostname: null,
8 verbose parsed url   hash: null,
8 verbose parsed url   search: null,
8 verbose parsed url   query: null,
8 verbose parsed url   pathname: 'pars',
8 verbose parsed url   path: 'pars',
8 verbose parsed url   href: 'pars' }
9 silly lockFile b9502113-pars pars
10 verbose lock pars /Users/tarasiegel/.npm/b9502113-pars.lock
11 silly lockFile b9502113-pars pars
12 silly lockFile b9502113-pars pars
13 verbose addNamed [ 'pars', '' ]
14 verbose addNamed [ null, '*' ]
15 silly lockFile 2cf01d24-pars pars@
16 verbose lock pars@ /Users/tarasiegel/.npm/2cf01d24-pars.lock
17 silly addNameRange { name: 'pars', range: '*', hasData: false }
18 verbose request where is /pars
19 verbose request registry https://registry.npmjs.org/
20 verbose request id 9ccf656b85a36f24
21 verbose url raw /pars
22 verbose url resolving [ 'https://registry.npmjs.org/', './pars' ]
23 verbose url resolved https://registry.npmjs.org/pars
24 verbose request where is https://registry.npmjs.org/pars
25 info trying registry request attempt 1 at 18:44:41
26 http GET https://registry.npmjs.org/pars
27 http 404 https://registry.npmjs.org/pars
28 silly registry.get cb [ 404,
28 silly registry.get   { 'content-type': 'application/json',
28 silly registry.get     'cache-control': 'max-age=0',
28 silly registry.get     'content-length': '2',
28 silly registry.get     'accept-ranges': 'bytes',
28 silly registry.get     date: 'Sat, 19 Sep 2015 22:44:43 GMT',
28 silly registry.get     via: '1.1 varnish',
28 silly registry.get     age: '0',
28 silly registry.get     connection: 'keep-alive',
28 silly registry.get     'x-served-by': 'cache-iad2137-IAD',
28 silly registry.get     'x-cache': 'MISS',
28 silly registry.get     'x-cache-hits': '0',
28 silly registry.get     'x-timer': 'S1442702683.042891,VS0,VE62' } ]
29 silly lockFile 2cf01d24-pars pars@
30 silly lockFile 2cf01d24-pars pars@
31 error 404 Not Found
31 error 404
31 error 404 'pars' is not in the npm registry.
31 error 404 You should bug the author to publish it
31 error 404 It was specified as a dependency of 'tara_siegel_site'
31 error 404
31 error 404 Note that you can also install from a
31 error 404 tarball, folder, or http url, or git url.
32 error System Darwin 14.4.0
33 error command "node" "/usr/local/bin/npm" "install" "pars"
34 error cwd /Users/tarasiegel/Documents/tarasiegelwebsite
35 error node -v v0.10.33
36 error npm -v 1.4.28
37 error code E404
38 verbose exit [ 1, true ]
